<?xml version="1.0" encoding="UTF-8"?>
<coverage generated="1782993376169" clover="3.2.0">
  <project timestamp="1782993376169" name="All files">
    <metrics statements="60" coveredstatements="60" conditionals="33" coveredconditionals="29" methods="6" coveredmethods="6" elements="99" coveredelements="95" complexity="0" loc="60" ncloc="60" packages="3" files="6" classes="6"/>
    <package name="src">
      <metrics statements="5" coveredstatements="5" conditionals="1" coveredconditionals="1" methods="1" coveredmethods="1"/>
      <file name="index.js" path="/Users/aatapalov/Desktop/hexlet/qa-auto-engineer-javascript-project-87/src/index.js">
        <metrics statements="5" coveredstatements="5" conditionals="1" coveredconditionals="1" methods="1" coveredmethods="1"/>
        <line num="7" count="1" type="cond" truecount="1" falsecount="0"/>
        <line num="8" count="9" type="stmt"/>
        <line num="9" count="9" type="stmt"/>
        <line num="11" count="9" type="stmt"/>
        <line num="17" count="9" type="stmt"/>
      </file>
    </package>
    <package name="src.formatters">
      <metrics statements="32" coveredstatements="32" conditionals="20" coveredconditionals="17" methods="3" coveredmethods="3"/>
      <file name="index.js" path="/Users/aatapalov/Desktop/hexlet/qa-auto-engineer-javascript-project-87/src/formatters/index.js">
        <metrics statements="5" coveredstatements="5" conditionals="4" coveredconditionals="3" methods="1" coveredmethods="1"/>
        <line num="4" count="1" type="stmt"/>
        <line num="6" count="9" type="cond" truecount="2" falsecount="0"/>
        <line num="7" count="6" type="stmt"/>
        <line num="8" count="3" type="cond" truecount="1" falsecount="1"/>
        <line num="9" count="3" type="stmt"/>
      </file>
      <file name="plain.js" path="/Users/aatapalov/Desktop/hexlet/qa-auto-engineer-javascript-project-87/src/formatters/plain.js">
        <metrics statements="12" coveredstatements="12" conditionals="8" coveredconditionals="7" methods="1" coveredmethods="1"/>
        <line num="1" count="1" type="stmt"/>
        <line num="2" count="3" type="stmt"/>
        <line num="4" count="3" type="stmt"/>
        <line num="5" count="15" type="cond" truecount="2" falsecount="0"/>
        <line num="6" count="3" type="stmt"/>
        <line num="7" count="12" type="cond" truecount="2" falsecount="0"/>
        <line num="8" count="6" type="stmt"/>
        <line num="9" count="6" type="cond" truecount="2" falsecount="0"/>
        <line num="10" count="3" type="stmt"/>
        <line num="11" count="3" type="cond" truecount="1" falsecount="1"/>
        <line num="12" count="3" type="stmt"/>
        <line num="18" count="3" type="stmt"/>
      </file>
      <file name="stylish.js" path="/Users/aatapalov/Desktop/hexlet/qa-auto-engineer-javascript-project-87/src/formatters/stylish.js">
        <metrics statements="15" coveredstatements="15" conditionals="8" coveredconditionals="7" methods="1" coveredmethods="1"/>
        <line num="8" count="1" type="stmt"/>
        <line num="9" count="6" type="stmt"/>
        <line num="10" count="6" type="stmt"/>
        <line num="12" count="6" type="stmt"/>
        <line num="13" count="30" type="cond" truecount="2" falsecount="0"/>
        <line num="14" count="6" type="stmt"/>
        <line num="15" count="24" type="cond" truecount="2" falsecount="0"/>
        <line num="16" count="12" type="stmt"/>
        <line num="17" count="12" type="cond" truecount="2" falsecount="0"/>
        <line num="18" count="6" type="stmt"/>
        <line num="19" count="6" type="cond" truecount="1" falsecount="1"/>
        <line num="20" count="6" type="stmt"/>
        <line num="21" count="6" type="stmt"/>
        <line num="25" count="6" type="stmt"/>
        <line num="26" count="6" type="stmt"/>
      </file>
    </package>
    <package name="src.parsers">
      <metrics statements="23" coveredstatements="23" conditionals="12" coveredconditionals="11" methods="2" coveredmethods="2"/>
      <file name="parse.js" path="/Users/aatapalov/Desktop/hexlet/qa-auto-engineer-javascript-project-87/src/parsers/parse.js">
        <metrics statements="14" coveredstatements="14" conditionals="6" coveredconditionals="6" methods="1" coveredmethods="1"/>
        <line num="5" count="9" type="stmt"/>
        <line num="6" count="9" type="stmt"/>
        <line num="8" count="9" type="stmt"/>
        <line num="10" count="9" type="stmt"/>
        <line num="11" count="45" type="stmt"/>
        <line num="12" count="45" type="stmt"/>
        <line num="14" count="45" type="cond" truecount="2" falsecount="0"/>
        <line num="15" count="9" type="stmt"/>
        <line num="16" count="36" type="cond" truecount="2" falsecount="0"/>
        <line num="17" count="18" type="stmt"/>
        <line num="19" count="18" type="cond" truecount="2" falsecount="0"/>
        <line num="20" count="9" type="stmt"/>
        <line num="22" count="9" type="stmt"/>
        <line num="27" count="9" type="stmt"/>
      </file>
      <file name="parser.js" path="/Users/aatapalov/Desktop/hexlet/qa-auto-engineer-javascript-project-87/src/parsers/parser.js">
        <metrics statements="9" coveredstatements="9" conditionals="6" coveredconditionals="5" methods="1" coveredmethods="1"/>
        <line num="6" count="1" type="stmt"/>
        <line num="8" count="18" type="stmt"/>
        <line num="9" count="18" type="stmt"/>
        <line num="10" count="18" type="cond" truecount="2" falsecount="0"/>
        <line num="11" count="6" type="stmt"/>
        <line num="12" count="6" type="stmt"/>
        <line num="13" count="12" type="cond" truecount="3" falsecount="1"/>
        <line num="14" count="12" type="stmt"/>
        <line num="15" count="12" type="stmt"/>
      </file>
    </package>
  </project>
</coverage>
