{"/Users/aatapalov/Desktop/hexlet/qa-auto-engineer-javascript-project-87/src/index.js": {"path":"/Users/aatapalov/Desktop/hexlet/qa-auto-engineer-javascript-project-87/src/index.js","statementMap":{"0":{"start":{"line":7,"column":16},"end":{"line":20,"column":1}},"1":{"start":{"line":8,"column":22},"end":{"line":8,"column":35}},"2":{"start":{"line":9,"column":22},"end":{"line":9,"column":35}},"3":{"start":{"line":11,"column":17},"end":{"line":11,"column":47}},"4":{"start":{"line":17,"column":0},"end":{"line":17,"column":33}}},"fnMap":{"0":{"name":"(anonymous_0)","decl":{"start":{"line":7,"column":16},"end":{"line":7,"column":17}},"loc":{"start":{"line":7,"column":54},"end":{"line":20,"column":1}},"line":7}},"branchMap":{"0":{"loc":{"start":{"line":7,"column":31},"end":{"line":7,"column":49}},"type":"default-arg","locations":[{"start":{"line":7,"column":40},"end":{"line":7,"column":49}}],"line":7}},"s":{"0":1,"1":9,"2":9,"3":9,"4":9},"f":{"0":9},"b":{"0":[3]},"inputSourceMap":null,"_coverageSchema":"1a1c01bbd47fc00a2c39e90264f33305004495a9","hash":"d05f85639d0735b21c934e897c192f3787767ba2"}
,"/Users/aatapalov/Desktop/hexlet/qa-auto-engineer-javascript-project-87/src/formatters/index.js": {"path":"/Users/aatapalov/Desktop/hexlet/qa-auto-engineer-javascript-project-87/src/formatters/index.js","statementMap":{"0":{"start":{"line":4,"column":19},"end":{"line":11,"column":1}},"1":{"start":{"line":6,"column":4},"end":{"line":10,"column":2}},"2":{"start":{"line":7,"column":5},"end":{"line":7,"column":38}},"3":{"start":{"line":8,"column":8},"end":{"line":10,"column":2}},"4":{"start":{"line":9,"column":5},"end":{"line":9,"column":36}}},"fnMap":{"0":{"name":"(anonymous_0)","decl":{"start":{"line":4,"column":19},"end":{"line":4,"column":20}},"loc":{"start":{"line":4,"column":48},"end":{"line":11,"column":1}},"line":4}},"branchMap":{"0":{"loc":{"start":{"line":6,"column":4},"end":{"line":10,"column":2}},"type":"if","locations":[{"start":{"line":6,"column":4},"end":{"line":10,"column":2}},{"start":{"line":8,"column":8},"end":{"line":10,"column":2}}],"line":6},"1":{"loc":{"start":{"line":8,"column":8},"end":{"line":10,"column":2}},"type":"if","locations":[{"start":{"line":8,"column":8},"end":{"line":10,"column":2}},{"start":{},"end":{}}],"line":8}},"s":{"0":1,"1":9,"2":6,"3":3,"4":3},"f":{"0":9},"b":{"0":[6,3],"1":[3,0]},"inputSourceMap":null,"_coverageSchema":"1a1c01bbd47fc00a2c39e90264f33305004495a9","hash":"836b3350dff55a7ee6c4aed02f756eeccb14a1d0"}
,"/Users/aatapalov/Desktop/hexlet/qa-auto-engineer-javascript-project-87/src/formatters/plain.js": {"path":"/Users/aatapalov/Desktop/hexlet/qa-auto-engineer-javascript-project-87/src/formatters/plain.js","statementMap":{"0":{"start":{"line":1,"column":14},"end":{"line":19,"column":1}},"1":{"start":{"line":2,"column":17},"end":{"line":2,"column":19}},"2":{"start":{"line":4,"column":2},"end":{"line":16,"column":3}},"3":{"start":{"line":5,"column":4},"end":{"line":15,"column":5}},"4":{"start":{"line":6,"column":6},"end":{"line":6,"column":74}},"5":{"start":{"line":7,"column":11},"end":{"line":15,"column":5}},"6":{"start":{"line":8,"column":6},"end":{"line":8,"column":53}},"7":{"start":{"line":9,"column":11},"end":{"line":15,"column":5}},"8":{"start":{"line":10,"column":6},"end":{"line":10,"column":15}},"9":{"start":{"line":11,"column":11},"end":{"line":15,"column":5}},"10":{"start":{"line":12,"column":6},"end":{"line":14,"column":8}},"11":{"start":{"line":18,"column":2},"end":{"line":18,"column":27}}},"fnMap":{"0":{"name":"(anonymous_0)","decl":{"start":{"line":1,"column":14},"end":{"line":1,"column":15}},"loc":{"start":{"line":1,"column":36},"end":{"line":19,"column":1}},"line":1}},"branchMap":{"0":{"loc":{"start":{"line":5,"column":4},"end":{"line":15,"column":5}},"type":"if","locations":[{"start":{"line":5,"column":4},"end":{"line":15,"column":5}},{"start":{"line":7,"column":11},"end":{"line":15,"column":5}}],"line":5},"1":{"loc":{"start":{"line":7,"column":11},"end":{"line":15,"column":5}},"type":"if","locations":[{"start":{"line":7,"column":11},"end":{"line":15,"column":5}},{"start":{"line":9,"column":11},"end":{"line":15,"column":5}}],"line":7},"2":{"loc":{"start":{"line":9,"column":11},"end":{"line":15,"column":5}},"type":"if","locations":[{"start":{"line":9,"column":11},"end":{"line":15,"column":5}},{"start":{"line":11,"column":11},"end":{"line":15,"column":5}}],"line":9},"3":{"loc":{"start":{"line":11,"column":11},"end":{"line":15,"column":5}},"type":"if","locations":[{"start":{"line":11,"column":11},"end":{"line":15,"column":5}},{"start":{},"end":{}}],"line":11}},"s":{"0":1,"1":3,"2":3,"3":15,"4":3,"5":12,"6":6,"7":6,"8":3,"9":3,"10":3,"11":3},"f":{"0":3},"b":{"0":[3,12],"1":[6,6],"2":[3,3],"3":[3,0]},"inputSourceMap":null,"_coverageSchema":"1a1c01bbd47fc00a2c39e90264f33305004495a9","hash":"dfa40ec133c398cd9565a573da4be1093e72255c"}
,"/Users/aatapalov/Desktop/hexlet/qa-auto-engineer-javascript-project-87/src/formatters/stylish.js": {"path":"/Users/aatapalov/Desktop/hexlet/qa-auto-engineer-javascript-project-87/src/formatters/stylish.js","statementMap":{"0":{"start":{"line":8,"column":17},"end":{"line":27,"column":1}},"1":{"start":{"line":9,"column":17},"end":{"line":9,"column":19}},"2":{"start":{"line":10,"column":2},"end":{"line":10,"column":19}},"3":{"start":{"line":12,"column":2},"end":{"line":23,"column":1}},"4":{"start":{"line":13,"column":4},"end":{"line":22,"column":3}},"5":{"start":{"line":14,"column":6},"end":{"line":14,"column":45}},"6":{"start":{"line":15,"column":11},"end":{"line":22,"column":3}},"7":{"start":{"line":16,"column":6},"end":{"line":16,"column":45}},"8":{"start":{"line":17,"column":11},"end":{"line":22,"column":3}},"9":{"start":{"line":18,"column":6},"end":{"line":18,"column":45}},"10":{"start":{"line":19,"column":10},"end":{"line":22,"column":3}},"11":{"start":{"line":20,"column":6},"end":{"line":20,"column":48}},"12":{"start":{"line":21,"column":6},"end":{"line":21,"column":48}},"13":{"start":{"line":25,"column":2},"end":{"line":25,"column":19}},"14":{"start":{"line":26,"column":2},"end":{"line":26,"column":27}}},"fnMap":{"0":{"name":"(anonymous_0)","decl":{"start":{"line":8,"column":17},"end":{"line":8,"column":18}},"loc":{"start":{"line":8,"column":39},"end":{"line":27,"column":1}},"line":8}},"branchMap":{"0":{"loc":{"start":{"line":13,"column":4},"end":{"line":22,"column":3}},"type":"if","locations":[{"start":{"line":13,"column":4},"end":{"line":22,"column":3}},{"start":{"line":15,"column":11},"end":{"line":22,"column":3}}],"line":13},"1":{"loc":{"start":{"line":15,"column":11},"end":{"line":22,"column":3}},"type":"if","locations":[{"start":{"line":15,"column":11},"end":{"line":22,"column":3}},{"start":{"line":17,"column":11},"end":{"line":22,"column":3}}],"line":15},"2":{"loc":{"start":{"line":17,"column":11},"end":{"line":22,"column":3}},"type":"if","locations":[{"start":{"line":17,"column":11},"end":{"line":22,"column":3}},{"start":{"line":19,"column":10},"end":{"line":22,"column":3}}],"line":17},"3":{"loc":{"start":{"line":19,"column":10},"end":{"line":22,"column":3}},"type":"if","locations":[{"start":{"line":19,"column":10},"end":{"line":22,"column":3}},{"start":{},"end":{}}],"line":19}},"s":{"0":1,"1":6,"2":6,"3":6,"4":30,"5":6,"6":24,"7":12,"8":12,"9":6,"10":6,"11":6,"12":6,"13":6,"14":6},"f":{"0":6},"b":{"0":[6,24],"1":[12,12],"2":[6,6],"3":[6,0]},"inputSourceMap":null,"_coverageSchema":"1a1c01bbd47fc00a2c39e90264f33305004495a9","hash":"df96ef64f8eb128f51356c0e4dc17f73d854a3e3"}
,"/Users/aatapalov/Desktop/hexlet/qa-auto-engineer-javascript-project-87/src/parsers/parse.js": {"path":"/Users/aatapalov/Desktop/hexlet/qa-auto-engineer-javascript-project-87/src/parsers/parse.js","statementMap":{"0":{"start":{"line":5,"column":15},"end":{"line":5,"column":75}},"1":{"start":{"line":6,"column":15},"end":{"line":6,"column":29}},"2":{"start":{"line":8,"column":17},"end":{"line":8,"column":19}},"3":{"start":{"line":10,"column":2},"end":{"line":26,"column":3}},"4":{"start":{"line":11,"column":19},"end":{"line":11,"column":35}},"5":{"start":{"line":12,"column":19},"end":{"line":12,"column":35}},"6":{"start":{"line":14,"column":4},"end":{"line":25,"column":5}},"7":{"start":{"line":15,"column":6},"end":{"line":15,"column":53}},"8":{"start":{"line":16,"column":11},"end":{"line":25,"column":5}},"9":{"start":{"line":17,"column":6},"end":{"line":17,"column":53}},"10":{"start":{"line":19,"column":6},"end":{"line":24,"column":7}},"11":{"start":{"line":20,"column":8},"end":{"line":20,"column":56}},"12":{"start":{"line":22,"column":7},"end":{"line":23,"column":9}},"13":{"start":{"line":27,"column":2},"end":{"line":27,"column":16}}},"fnMap":{"0":{"name":"parse","decl":{"start":{"line":4,"column":9},"end":{"line":4,"column":14}},"loc":{"start":{"line":4,"column":42},"end":{"line":28,"column":1}},"line":4}},"branchMap":{"0":{"loc":{"start":{"line":14,"column":4},"end":{"line":25,"column":5}},"type":"if","locations":[{"start":{"line":14,"column":4},"end":{"line":25,"column":5}},{"start":{"line":16,"column":11},"end":{"line":25,"column":5}}],"line":14},"1":{"loc":{"start":{"line":16,"column":11},"end":{"line":25,"column":5}},"type":"if","locations":[{"start":{"line":16,"column":11},"end":{"line":25,"column":5}},{"start":{"line":18,"column":11},"end":{"line":25,"column":5}}],"line":16},"2":{"loc":{"start":{"line":19,"column":6},"end":{"line":24,"column":7}},"type":"if","locations":[{"start":{"line":19,"column":6},"end":{"line":24,"column":7}},{"start":{"line":21,"column":13},"end":{"line":24,"column":7}}],"line":19}},"s":{"0":9,"1":9,"2":9,"3":9,"4":45,"5":45,"6":45,"7":9,"8":36,"9":18,"10":18,"11":9,"12":9,"13":9},"f":{"0":9},"b":{"0":[9,36],"1":[18,18],"2":[9,9]},"inputSourceMap":null,"_coverageSchema":"1a1c01bbd47fc00a2c39e90264f33305004495a9","hash":"740a21d64725f84073644df3849ca64103ebe3aa"}
,"/Users/aatapalov/Desktop/hexlet/qa-auto-engineer-javascript-project-87/src/parsers/parser.js": {"path":"/Users/aatapalov/Desktop/hexlet/qa-auto-engineer-javascript-project-87/src/parsers/parser.js","statementMap":{"0":{"start":{"line":6,"column":15},"end":{"line":17,"column":1}},"1":{"start":{"line":8,"column":18},"end":{"line":8,"column":77}},"2":{"start":{"line":9,"column":20},"end":{"line":9,"column":38}},"3":{"start":{"line":10,"column":2},"end":{"line":16,"column":3}},"4":{"start":{"line":11,"column":24},"end":{"line":11,"column":43}},"5":{"start":{"line":12,"column":2},"end":{"line":12,"column":23}},"6":{"start":{"line":13,"column":9},"end":{"line":16,"column":3}},"7":{"start":{"line":14,"column":24},"end":{"line":14,"column":43}},"8":{"start":{"line":15,"column":2},"end":{"line":15,"column":23}}},"fnMap":{"0":{"name":"(anonymous_0)","decl":{"start":{"line":6,"column":15},"end":{"line":6,"column":16}},"loc":{"start":{"line":6,"column":25},"end":{"line":17,"column":1}},"line":6}},"branchMap":{"0":{"loc":{"start":{"line":10,"column":2},"end":{"line":16,"column":3}},"type":"if","locations":[{"start":{"line":10,"column":2},"end":{"line":16,"column":3}},{"start":{"line":13,"column":9},"end":{"line":16,"column":3}}],"line":10},"1":{"loc":{"start":{"line":13,"column":9},"end":{"line":16,"column":3}},"type":"if","locations":[{"start":{"line":13,"column":9},"end":{"line":16,"column":3}},{"start":{},"end":{}}],"line":13},"2":{"loc":{"start":{"line":13,"column":12},"end":{"line":13,"column":61}},"type":"binary-expr","locations":[{"start":{"line":13,"column":13},"end":{"line":13,"column":33}},{"start":{"line":13,"column":39},"end":{"line":13,"column":60}}],"line":13}},"s":{"0":1,"1":18,"2":18,"3":18,"4":6,"5":6,"6":12,"7":12,"8":12},"f":{"0":18},"b":{"0":[6,12],"1":[12,0],"2":[12,6]},"inputSourceMap":null,"_coverageSchema":"1a1c01bbd47fc00a2c39e90264f33305004495a9","hash":"132bf48637cd18f6e020e0d49ef7758a78229f96"}
}
