TN:
SF:src/index.js
FN:5,(anonymous_0)
FNF:1
FNH:1
FNDA:1,(anonymous_0)
DA:5,1
DA:6,1
DA:7,1
DA:9,1
DA:11,1
LF:5
LH:5
BRF:0
BRH:0
end_of_record
TN:
SF:src/parse.js
FN:4,parse
FNF:1
FNH:1
FNDA:1,parse
DA:5,1
DA:6,1
DA:8,1
DA:10,1
DA:11,5
DA:12,5
DA:14,5
DA:15,1
DA:16,4
DA:17,2
DA:19,2
DA:20,1
DA:22,1
DA:23,1
DA:27,1
LF:15
LH:15
BRDA:14,0,0,1
BRDA:14,0,1,4
BRDA:16,1,0,2
BRDA:16,1,1,2
BRDA:19,2,0,1
BRDA:19,2,1,1
BRF:6
BRH:6
end_of_record
TN:
SF:src/parser.js
FN:5,(anonymous_0)
FNF:1
FNH:1
FNDA:2,(anonymous_0)
DA:5,1
DA:7,2
DA:8,2
DA:10,2
LF:4
LH:4
BRF:0
BRH:0
end_of_record
