TN:
SF:src/index.js
FN:5,(anonymous_0)
FNF:1
FNH:1
FNDA:1,(anonymous_0)
DA:5,1
DA:6,1
DA:7,1
DA:9,1
DA:11,1
LF:5
LH:5
BRF:0
BRH:0
end_of_record
TN:
SF:src/parse.js
FN:3,parse
FNF:1
FNH:1
FNDA:1,parse
DA:4,1
DA:5,1
DA:7,1
DA:9,1
DA:10,5
DA:11,5
DA:13,5
DA:14,1
DA:15,4
DA:16,2
DA:18,2
DA:19,1
DA:21,1
DA:22,1
DA:26,1
LF:15
LH:15
BRDA:13,0,0,1
BRDA:13,0,1,4
BRDA:15,1,0,2
BRDA:15,1,1,2
BRDA:18,2,0,1
BRDA:18,2,1,1
BRF:6
BRH:6
end_of_record
TN:
SF:src/parser.js
FN:5,(anonymous_0)
FNF:1
FNH:1
FNDA:2,(anonymous_0)
DA:5,1
DA:7,2
DA:8,2
DA:10,2
LF:4
LH:4
BRF:0
BRH:0
end_of_record
